<?xml version="1.0" encoding="UTF-8"?>
<testng-results ignored="0" total="2" passed="2" failed="0" skipped="0">
  <reporter-output>
  </reporter-output>
  <suite started-at="2025-01-28T10:46:33 IST" name="Regression suite" finished-at="2025-01-28T10:46:41 IST" duration-ms="7948">
    <groups>
    </groups>
    <test started-at="2025-01-28T10:46:33 IST" name="Relese 7 Regression" finished-at="2025-01-28T10:46:41 IST" duration-ms="7948">
      <class name="Apple.Test_Actions.App2">
        <test-method is-config="true" signature="setup()[pri:0, instance:Apple.Test_Actions.App2@1b1426f4]" started-at="2025-01-28T10:46:37 IST" name="setup" finished-at="2025-01-28T10:46:41 IST" duration-ms="3376" status="PASS">
          <reporter-output>
          </reporter-output>
        </test-method> <!-- setup -->
        <test-method signature="test1()[pri:0, instance:Apple.Test_Actions.App2@1b1426f4]" started-at="2025-01-28T10:46:41 IST" name="test1" finished-at="2025-01-28T10:46:41 IST" duration-ms="9" status="PASS">
          <reporter-output>
          </reporter-output>
        </test-method> <!-- test1 -->
        <test-method is-config="true" signature="teardown()[pri:0, instance:Apple.Test_Actions.App2@1b1426f4]" started-at="2025-01-28T10:46:41 IST" name="teardown" finished-at="2025-01-28T10:46:41 IST" duration-ms="195" status="PASS">
          <reporter-output>
          </reporter-output>
        </test-method> <!-- teardown -->
      </class> <!-- Apple.Test_Actions.App2 -->
      <class name="Apple.Test_Actions.App1">
        <test-method is-config="true" signature="setup()[pri:0, instance:Apple.Test_Actions.App1@4d5b6aac]" started-at="2025-01-28T10:46:33 IST" name="setup" finished-at="2025-01-28T10:46:37 IST" duration-ms="4138" status="PASS">
          <reporter-output>
          </reporter-output>
        </test-method> <!-- setup -->
        <test-method signature="test1()[pri:0, instance:Apple.Test_Actions.App1@4d5b6aac]" started-at="2025-01-28T10:46:41 IST" name="test1" finished-at="2025-01-28T10:46:41 IST" duration-ms="15" status="PASS">
          <reporter-output>
          </reporter-output>
        </test-method> <!-- test1 -->
        <test-method is-config="true" signature="teardown()[pri:0, instance:Apple.Test_Actions.App1@4d5b6aac]" started-at="2025-01-28T10:46:41 IST" name="teardown" finished-at="2025-01-28T10:46:41 IST" duration-ms="176" status="PASS">
          <reporter-output>
          </reporter-output>
        </test-method> <!-- teardown -->
      </class> <!-- Apple.Test_Actions.App1 -->
    </test> <!-- Relese 7 Regression -->
  </suite> <!-- Regression suite -->
</testng-results>
